<?xml version="1.0" encoding="UTF-8" ?>
<testsuite tests="1" failures="0" name="com.wip.greyhound.greyhound.TestHomePage" time="4.223" errors="0" skipped="0">

<testsuite tests="1" failures="0" name="com.wip.greyhound.greyhound.TestHomePage" time="7.574" errors="0" skipped="0">

    <property name="maven.multiModuleProjectDirectory" value="/Users/vanishree/greyhound.automation"/>

    <property name="maven.multiModuleProjectDirectory" value="/Users/aanvazhapilly/greyhound.automation"/>


    <property name="user.dir" value="/Users/vanishree/greyhound.automation"/>
    <property name="java.runtime.version" value="1.8.0_121-b13"/>
	<property name="classworlds.conf" value="/Users/vanishree/Downloads/apache-maven-3.3.9/bin/m2.conf"/>

    <property name="classworlds.conf" value="/Users/aanvazhapilly/Documents/ws1/githubauto/.metadata/.plugins/org.eclipse.m2e.launching/launches/m2conf7267406131749440838.tmp"/>
    <property name="user.name" value="vanishree"/>
    <property name="java.class.path" value="/Users/vanishree/Downloads/apache-maven-3.3.9/boot/plexus-classworlds-2.5.2.jar"/>
    <property name="java.version" value="1.8.0_121"/>
    <property name="java.ext.dirs" value="/Users/vanishree/Library/Java/Extensions:/Library/Java/JavaVirtualMachines/jdk1.8.0_121.jdk/Contents/Home/jre/lib/ext:/Library/Java/Extensions:/Network/Library/Java/Extensions:/System/Library/Java/Extensions:/usr/lib/java"/>
    <property name="sun.boot.class.path" value="/Library/Java/JavaVirtualMachines/jdk1.8.0_121.jdk/Contents/Home/jre/lib/resources.jar:/Library/Java/JavaVirtualMachines/jdk1.8.0_121.jdk/Contents/Home/jre/lib/rt.jar:/Library/Java/JavaVirtualMachines/jdk1.8.0_121.jdk/Contents/Home/jre/lib/sunrsasign.jar:/Library/Java/JavaVirtualMachines/jdk1.8.0_121.jdk/Contents/Home/jre/lib/jsse.jar:/Library/Java/JavaVirtualMachines/jdk1.8.0_121.jdk/Contents/Home/jre/lib/jce.jar:/Library/Java/JavaVirtualMachines/jdk1.8.0_121.jdk/Contents/Home/jre/lib/charsets.jar:/Library/Java/JavaVirtualMachines/jdk1.8.0_121.jdk/Contents/Home/jre/lib/jfr.jar:/Library/Java/JavaVirtualMachines/jdk1.8.0_121.jdk/Contents/Home/jre/classes"/>
    <property name="java.vendor" value="Oracle Corporation"/>
    <property name="maven.home" value="/Users/vanishree/Downloads/apache-maven-3.3.9"/>
    <property name="java.version" value="1.8.0_91"/>
    <property name="java.ext.dirs" value="/Users/aanvazhapilly/Library/Java/Extensions:/Library/Java/JavaVirtualMachines/jdk1.8.0_91.jdk/Contents/Home/jre/lib/ext:/Library/Java/Extensions:/Network/Library/Java/Extensions:/System/Library/Java/Extensions:/usr/lib/java"/>
    <property name="sun.boot.class.path" value="/Library/Java/JavaVirtualMachines/jdk1.8.0_91.jdk/Contents/Home/jre/lib/resources.jar:/Library/Java/JavaVirtualMachines/jdk1.8.0_91.jdk/Contents/Home/jre/lib/rt.jar:/Library/Java/JavaVirtualMachines/jdk1.8.0_91.jdk/Contents/Home/jre/lib/sunrsasign.jar:/Library/Java/JavaVirtualMachines/jdk1.8.0_91.jdk/Contents/Home/jre/lib/jsse.jar:/Library/Java/JavaVirtualMachines/jdk1.8.0_91.jdk/Contents/Home/jre/lib/jce.jar:/Library/Java/JavaVirtualMachines/jdk1.8.0_91.jdk/Contents/Home/jre/lib/charsets.jar:/Library/Java/JavaVirtualMachines/jdk1.8.0_91.jdk/Contents/Home/jre/lib/jfr.jar:/Library/Java/JavaVirtualMachines/jdk1.8.0_91.jdk/Contents/Home/jre/classes"/>
    <property name="java.vendor" value="Oracle Corporation"/>
    <property name="maven.home" value="/Users/aanvazhapilly/greyhound.automation/EMBEDDED"/>
  <testcase classname="com.wip.greyhound.greyhound.TestHomePage" name="login" time="4.223"/>
  <testcase classname="com.wip.greyhound.greyhound.TestHomePage" name="login" time="7.574"/>
</testsuite>